2015-12-16 21:16:24,199 INFO  crawl.GeneratorJob - GeneratorJob: starting at 2015-12-16 21:16:24
2015-12-16 21:16:24,210 INFO  crawl.GeneratorJob - GeneratorJob: Selecting best-scoring urls due for fetch.
2015-12-16 21:16:24,210 INFO  crawl.GeneratorJob - GeneratorJob: starting
2015-12-16 21:16:24,211 INFO  crawl.GeneratorJob - GeneratorJob: filtering: true
2015-12-16 21:16:24,211 INFO  crawl.GeneratorJob - GeneratorJob: normalizing: true
2015-12-16 21:16:24,211 INFO  crawl.GeneratorJob - GeneratorJob: topN: 5
2015-12-16 21:16:39,682 WARN  util.NativeCodeLoader - Unable to load native-hadoop library for your platform... using builtin-java classes where applicable
2015-12-16 21:16:39,697 INFO  crawl.FetchScheduleFactory - Using FetchSchedule impl: org.apache.nutch.crawl.DefaultFetchSchedule
2015-12-16 21:16:39,698 INFO  crawl.AbstractFetchSchedule - defaultInterval=2592000
2015-12-16 21:16:39,698 INFO  crawl.AbstractFetchSchedule - maxInterval=7776000
2015-12-16 21:16:40,570 WARN  mapreduce.JobSubmitter - No job jar file set.  User classes may not be found. See Job or Job#setJar(String).
2015-12-16 21:16:40,898 WARN  conf.Configuration - file:/tmp/hadoop-harjiwigaasmoko/mapred/staging/harjiwigaasmoko1685312873/.staging/job_local1685312873_0001/job.xml:an attempt to override final parameter: mapreduce.job.end-notification.max.retry.interval;  Ignoring.
2015-12-16 21:16:40,913 WARN  conf.Configuration - file:/tmp/hadoop-harjiwigaasmoko/mapred/staging/harjiwigaasmoko1685312873/.staging/job_local1685312873_0001/job.xml:an attempt to override final parameter: mapreduce.job.end-notification.max.attempts;  Ignoring.
2015-12-16 21:16:41,096 WARN  conf.Configuration - file:/tmp/hadoop-harjiwigaasmoko/mapred/local/localRunner/harjiwigaasmoko/job_local1685312873_0001/job_local1685312873_0001.xml:an attempt to override final parameter: mapreduce.job.end-notification.max.retry.interval;  Ignoring.
2015-12-16 21:16:41,103 WARN  conf.Configuration - file:/tmp/hadoop-harjiwigaasmoko/mapred/local/localRunner/harjiwigaasmoko/job_local1685312873_0001/job_local1685312873_0001.xml:an attempt to override final parameter: mapreduce.job.end-notification.max.attempts;  Ignoring.
2015-12-16 21:16:41,599 INFO  crawl.FetchScheduleFactory - Using FetchSchedule impl: org.apache.nutch.crawl.DefaultFetchSchedule
2015-12-16 21:16:41,600 INFO  crawl.AbstractFetchSchedule - defaultInterval=2592000
2015-12-16 21:16:41,600 INFO  crawl.AbstractFetchSchedule - maxInterval=7776000
2015-12-16 21:16:41,609 ERROR mapreduce.GoraRecordReader - Error reading Gora records: null
2015-12-16 21:16:41,623 WARN  mapred.LocalJobRunner - job_local1685312873_0001
java.lang.Exception: java.lang.RuntimeException: java.util.NoSuchElementException
	at org.apache.hadoop.mapred.LocalJobRunner$Job.runTasks(LocalJobRunner.java:462)
	at org.apache.hadoop.mapred.LocalJobRunner$Job.run(LocalJobRunner.java:522)
Caused by: java.lang.RuntimeException: java.util.NoSuchElementException
	at org.apache.gora.mapreduce.GoraRecordReader.nextKeyValue(GoraRecordReader.java:122)
	at org.apache.hadoop.mapred.MapTask$NewTrackingRecordReader.nextKeyValue(MapTask.java:533)
	at org.apache.hadoop.mapreduce.task.MapContextImpl.nextKeyValue(MapContextImpl.java:80)
	at org.apache.hadoop.mapreduce.lib.map.WrappedMapper$Context.nextKeyValue(WrappedMapper.java:91)
	at org.apache.hadoop.mapreduce.Mapper.run(Mapper.java:144)
	at org.apache.hadoop.mapred.MapTask.runNewMapper(MapTask.java:764)
	at org.apache.hadoop.mapred.MapTask.run(MapTask.java:340)
	at org.apache.hadoop.mapred.LocalJobRunner$Job$MapTaskRunnable.run(LocalJobRunner.java:243)
	at java.util.concurrent.Executors$RunnableAdapter.call(Executors.java:471)
	at java.util.concurrent.FutureTask.run(FutureTask.java:262)
	at java.util.concurrent.ThreadPoolExecutor.runWorker(ThreadPoolExecutor.java:1145)
	at java.util.concurrent.ThreadPoolExecutor$Worker.run(ThreadPoolExecutor.java:615)
	at java.lang.Thread.run(Thread.java:745)
Caused by: java.util.NoSuchElementException
	at java.util.concurrent.ConcurrentSkipListMap.firstKey(ConcurrentSkipListMap.java:1959)
	at org.apache.gora.memory.store.MemStore.execute(MemStore.java:128)
	at org.apache.gora.query.impl.QueryBase.execute(QueryBase.java:73)
	at org.apache.gora.mapreduce.GoraRecordReader.executeQuery(GoraRecordReader.java:67)
	at org.apache.gora.mapreduce.GoraRecordReader.nextKeyValue(GoraRecordReader.java:109)
	... 12 more
2015-12-16 21:16:42,136 ERROR crawl.GeneratorJob - GeneratorJob: java.lang.RuntimeException: job failed: name=, jobid=job_local1685312873_0001
	at org.apache.nutch.util.NutchJob.waitForCompletion(NutchJob.java:119)
	at org.apache.nutch.crawl.GeneratorJob.run(GeneratorJob.java:224)
	at org.apache.nutch.crawl.GeneratorJob.generate(GeneratorJob.java:252)
	at org.apache.nutch.crawl.GeneratorJob.run(GeneratorJob.java:319)
	at org.apache.hadoop.util.ToolRunner.run(ToolRunner.java:70)
	at org.apache.nutch.crawl.GeneratorJob.main(GeneratorJob.java:327)
	at sun.reflect.NativeMethodAccessorImpl.invoke0(Native Method)
	at sun.reflect.NativeMethodAccessorImpl.invoke(NativeMethodAccessorImpl.java:57)
	at sun.reflect.DelegatingMethodAccessorImpl.invoke(DelegatingMethodAccessorImpl.java:43)
	at java.lang.reflect.Method.invoke(Method.java:606)
	at com.intellij.rt.execution.application.AppMain.main(AppMain.java:144)

2015-12-16 22:25:27,669 INFO  crawl.InjectorJob - InjectorJob: starting at 2015-12-16 22:25:27
2015-12-16 22:25:27,670 INFO  crawl.InjectorJob - InjectorJob: Injecting urlDir: urls
2015-12-16 22:25:28,043 WARN  util.NativeCodeLoader - Unable to load native-hadoop library for your platform... using builtin-java classes where applicable
